<?xml version="1.0" encoding="UTF-8"?>
<testng-results ignored="0" total="1" passed="1" failed="0" skipped="0">
  <reporter-output>
  </reporter-output>
  <suite started-at="2023-07-11T14:12:55 IST" name="Default suite" finished-at="2023-07-11T14:13:00 IST" duration-ms="4804">
    <groups>
    </groups>
    <test started-at="2023-07-11T14:12:55 IST" name="Default test" finished-at="2023-07-11T14:13:00 IST" duration-ms="4804">
      <class name="sample.Parameters">
        <test-method signature="m1()[pri:0, instance:sample.Parameters@4a883b15]" started-at="2023-07-11T14:12:55 IST" name="m1" finished-at="2023-07-11T14:13:00 IST" duration-ms="4746" status="PASS">
          <reporter-output>
          </reporter-output>
        </test-method> <!-- m1 -->
      </class> <!-- sample.Parameters -->
    </test> <!-- Default test -->
  </suite> <!-- Default suite -->
</testng-results>
